2025-11-27 15:39:13 - INFO - [logging.py:15] - License type: LicenseType.Trial
2025-11-27 15:39:13 - INFO - [logging.py:15] - Parsing ...
2025-11-27 15:39:13 - INFO - [logging.py:15] - Parsing package: Discover-Data-Quality-With-RIOLU
2025-11-27 15:39:13 - INFO - [logging.py:15] - Parsing package: Discover-Data-Quality-With-RIOLU.ablation_study
2025-11-27 15:39:13 - INFO - [logging.py:15] - Parsing package: Discover-Data-Quality-With-RIOLU.sensitivity_analysis
2025-11-27 15:39:13 - INFO - [logging.py:15] - Second pass of parsing for package: Discover-Data-Quality-With-RIOLU
2025-11-27 15:39:13 - INFO - [logging.py:15] - Second pass of parsing for package: Discover-Data-Quality-With-RIOLU.ablation_study
2025-11-27 15:39:13 - INFO - [logging.py:15] - Second pass of parsing for package: Discover-Data-Quality-With-RIOLU.sensitivity_analysis
2025-11-27 15:39:13 - INFO - [logging.py:15] - Calculating metrics ...
2025-11-27 15:39:13 - INFO - [logging.py:15] - Collect dependencies ...
2025-11-27 15:39:13 - INFO - [logging.py:15] - Detecting code smells ...
2025-11-27 15:39:14 - INFO - [logging.py:15] - Detecting design smells ...
2025-11-27 15:39:14 - INFO - [logging.py:15] - Detecting architecture smells ...
2025-11-27 15:39:14 - INFO - [logging.py:15] - Detecting machine learning smells ...
2025-11-27 15:39:14 - INFO - [logging.py:15] - Analysis complete.
2025-11-27 15:39:14 - INFO - [logging.py:15] - Preparing analysis summary ...
2025-11-27 15:39:14 - INFO - [logging.py:15] - JSON data successfully exported to C:\Users\PUC\Documents\AISE\ecosustain-replication-study\refactoring\output-dpy\Discover-Data-Quality-With-RIOLU_function_metrics.json
2025-11-27 15:39:14 - INFO - [logging.py:15] - Successfully exported JSON data to Discover-Data-Quality-With-RIOLU_function_metrics.json
2025-11-27 15:39:14 - INFO - [logging.py:15] - JSON data successfully exported to C:\Users\PUC\Documents\AISE\ecosustain-replication-study\refactoring\output-dpy\Discover-Data-Quality-With-RIOLU_class_module_metrics.json
2025-11-27 15:39:14 - INFO - [logging.py:15] - Successfully exported JSON data to Discover-Data-Quality-With-RIOLU_class_module_metrics.json
2025-11-27 15:39:14 - INFO - [logging.py:15] - JSON data successfully exported to C:\Users\PUC\Documents\AISE\ecosustain-replication-study\refactoring\output-dpy\Discover-Data-Quality-With-RIOLU_implementation_smells.json
2025-11-27 15:39:14 - INFO - [logging.py:15] - Successfully exported JSON data to Discover-Data-Quality-With-RIOLU_implementation_smells.json
2025-11-27 15:39:14 - INFO - [logging.py:15] - JSON data successfully exported to C:\Users\PUC\Documents\AISE\ecosustain-replication-study\refactoring\output-dpy\Discover-Data-Quality-With-RIOLU_design_smells.json
2025-11-27 15:39:14 - INFO - [logging.py:15] - Successfully exported JSON data to Discover-Data-Quality-With-RIOLU_design_smells.json
2025-11-27 15:39:14 - INFO - [logging.py:15] - JSON data successfully exported to C:\Users\PUC\Documents\AISE\ecosustain-replication-study\refactoring\output-dpy\Discover-Data-Quality-With-RIOLU_arch_smells.json
2025-11-27 15:39:14 - INFO - [logging.py:15] - Successfully exported JSON data to Discover-Data-Quality-With-RIOLU_arch_smells.json
2025-11-27 15:39:14 - INFO - [logging.py:15] - No ML smells found.
2025-11-27 15:39:14 - INFO - [logging.py:15] - Done.
